<?xml version="1.0" encoding="UTF-8"?>
<testsuites name="LoginLogout" time="14" tests="2" failures="0" errors="0">
   <testsuite name="LoginLogout" tests="2" failures="0" errors="0" time="14" timestamp="2017-11-16 11:42:16" hostname="QH_05 - 192.168.18.128" id="Test Suites/LoginLogout">
      <properties>
         <property name="deviceName" value=""/>
         <property name="devicePlatform" value=""/>
         <property name="logFolder" value="C:\\Users\\QH_05\\Katalon Studio\\Acme\\Reports\\LoginLogout\\20171116_114213"/>
         <property name="logFiles" value="C:\\Users\\QH_05\\Katalon Studio\\Acme\\Reports\\LoginLogout\\20171116_114213\\execution0.log"/>
         <property name="attachments" value=""/>
         <property name="hostName" value="QH_05 - 192.168.18.128"/>
         <property name="os" value="Windows 10 64bit"/>
         <property name="katalonVersion" value="5.0.1.1"/>
         <property name="browser" value="Chrome 61.0.3163.100"/>
         <property name="hostAddress" value="192.168.18.128"/>
         <property name="sessionId" value="11d9a9cfff38c6fdda95988f2beea18a"/>
         <property name="seleniumVersion" value="2.53.0"/>
         <property name="proxyInformation" value="ProxyInformation{proxyOption=NO_PROXY, proxyServerType=HTTP, password=, proxyServerAddress=, proxyServerPort=0}"/>
         <property name="platform" value="Windows 10"/>
      </properties>
      <testcase name="Test Cases/LoginEditLogout/LoginAcme" classname="Test Cases/LoginEditLogout/LoginAcme" status="PASSED">
         <system-out><![CDATA[2017-11-16 11:42:16 - [TEST_CASE][PASSED] - Test Cases/LoginEditLogout/LoginAcme: Test Cases/LoginEditLogout/LoginAcme

2017-11-16 11:42:18 - [TEST_STEP][PASSED] - openBrowser: Browser is opened with url: ''

2017-11-16 11:42:23 - [MESSAGE][PASSED] - Browser is opened with url: ''

2017-11-16 11:42:23 - [TEST_STEP][PASSED] - navigateToUrl: Navigate to 'http://www.acme.qualityhouse.bg/build3/index.php' successfully

2017-11-16 11:42:24 - [MESSAGE][PASSED] - Navigate to 'http://www.acme.qualityhouse.bg/build3/index.php' successfully

2017-11-16 11:42:24 - [TEST_STEP][PASSED] - click: Object: 'Object Repository/manual/a_Login' is clicked on

2017-11-16 11:42:25 - [MESSAGE][PASSED] - Object: 'Object Repository/manual/a_Login' is clicked on

2017-11-16 11:42:25 - [TEST_STEP][PASSED] - setText: Text 'student1' is set on object 'Object Repository/manual/input_username'

2017-11-16 11:42:25 - [MESSAGE][PASSED] - Text 'student1' is set on object 'Object Repository/manual/input_username'

2017-11-16 11:42:25 - [TEST_STEP][PASSED] - setText: Text 'stpass1' is set on object 'Object Repository/manual/input_userpass'

2017-11-16 11:42:26 - [MESSAGE][PASSED] - Text 'stpass1' is set on object 'Object Repository/manual/input_userpass'

2017-11-16 11:42:26 - [TEST_STEP][PASSED] - click: Object: 'Object Repository/manual/input_ses_login' is clicked on

2017-11-16 11:42:26 - [MESSAGE][PASSED] - Object: 'Object Repository/manual/input_ses_login' is clicked on]]></system-out>
         <system-err><![CDATA[]]></system-err>
      </testcase>
      <testcase name="Test Cases/LoginEditLogout/Logout" classname="Test Cases/LoginEditLogout/Logout" status="PASSED">
         <system-out><![CDATA[2017-11-16 11:42:26 - [TEST_CASE][PASSED] - Test Cases/LoginEditLogout/Logout: Test Cases/LoginEditLogout/Logout

2017-11-16 11:42:27 - [TEST_STEP][PASSED] - click: Object: 'Object Repository/manual/a_Logout' is clicked on

2017-11-16 11:42:27 - [MESSAGE][PASSED] - Object: 'Object Repository/manual/a_Logout' is clicked on

2017-11-16 11:42:27 - [TEST_STEP][PASSED] - click: Object: 'Object Repository/manual/a_Logout (1)' is clicked on

2017-11-16 11:42:28 - [MESSAGE][PASSED] - Object: 'Object Repository/manual/a_Logout (1)' is clicked on

2017-11-16 11:42:28 - [TEST_STEP][PASSED] - verifyTextPresent: Text 'Home' is present on page 

2017-11-16 11:42:28 - [MESSAGE][PASSED] - Text 'Home' is present on page 

2017-11-16 11:42:28 - [TEST_STEP][PASSED] - closeBrowser: Browser is closed

2017-11-16 11:42:30 - [MESSAGE][PASSED] - Browser is closed]]></system-out>
         <system-err><![CDATA[]]></system-err>
      </testcase>
      <system-out><![CDATA[2017-11-16 11:42:16 - [TEST_SUITE][PASSED] - LoginLogout: Test Cases/LoginEditLogout/Logout]]></system-out>
      <system-err><![CDATA[]]></system-err>
   </testsuite>
</testsuites>
